<!DOCTYPE html PUBLIC "-//W3C//DTD XHTML 1.1//EN" "http://www.w3.org/TR/xhtml11/DTD/xhtml11.dtd">
<html xmlns="http://www.w3.org/1999/xhtml"><head><title>TestNG Report</title><style type="text/css">table {margin-bottom:10px;border-collapse:collapse;empty-cells:show}th,td {border:1px solid #009;padding:.25em .5em}th {vertical-align:bottom}td {vertical-align:top}table a {font-weight:bold}.stripe td {background-color: #E6EBF9}.num {text-align:right}.passedodd td {background-color: #3F3}.passedeven td {background-color: #0A0}.skippedodd td {background-color: #DDD}.skippedeven td {background-color: #CCC}.failedodd td,.attn {background-color: #F33}.failedeven td,.stripe .attn {background-color: #D00}.stacktrace {white-space:pre;font-family:monospace}.totop {font-size:85%;text-align:center;border-bottom:2px solid #000}</style></head><body><table><tr><th>Test</th><th># Passed</th><th># Skipped</th><th># Failed</th><th>Time (ms)</th><th>Included Groups</th><th>Excluded Groups</th></tr><tr><th colspan="7">Regression test</th></tr><tr><td><a href="#t0">Signup testing</a></td><td class="num">0</td><td class="num attn">8</td><td class="num">0</td><td class="num">4,425</td><td></td><td></td></tr></table><table><thead><tr><th>Class</th><th>Method</th><th>Start</th><th>Time (ms)</th></tr></thead><tbody><tr><th colspan="4">Regression test</th></tr></tbody><tbody id="t0"><tr><th colspan="4">Signup testing &#8212; failed (configuration methods)</th></tr><tr class="failedeven"><td rowspan="1">signuptestscript.Scriptflickr</td><td><a href="#m0">beforetest</a></td><td rowspan="1">1644785495646</td><td rowspan="1">0</td></tr><tr><th colspan="4">Signup testing &#8212; skipped (configuration methods)</th></tr><tr class="skippedeven"><td rowspan="5">signuptestscript.Scriptflickr</td><td><a href="#m1">aftertest</a></td><td rowspan="3">1644785500066</td><td rowspan="3">0</td></tr><tr class="skippedeven"><td><a href="#m2">aftertest</a></td></tr><tr class="skippedeven"><td><a href="#m3">aftertest</a></td></tr><tr class="skippedeven"><td><a href="#m4">beforetest</a></td><td rowspan="2">1644785500030</td><td rowspan="2">0</td></tr><tr class="skippedeven"><td><a href="#m5">beforetest</a></td></tr><tr><th colspan="4">Signup testing &#8212; skipped</th></tr><tr class="skippedeven"><td rowspan="5">signuptestscript.Scriptflickr</td><td><a href="#m6">maintest</a></td><td rowspan="1">1644785500051</td><td rowspan="1">0</td></tr><tr class="skippedeven"><td><a href="#m7">signupisdisplayed</a></td><td rowspan="1">1644785500053</td><td rowspan="1">1</td></tr><tr class="skippedeven"><td><a href="#m8">validateTermsURL</a></td><td rowspan="1">1644785500061</td><td rowspan="1">0</td></tr><tr class="skippedeven"><td><a href="#m9">validatetitle</a></td><td rowspan="1">1644785500055</td><td rowspan="1">1</td></tr><tr class="skippedeven"><td><a href="#m10">validateurl</a></td><td rowspan="1">1644785500058</td><td rowspan="1">1</td></tr><tr class="skippedodd"><td rowspan="2">signuptestscript.Signuptest</td><td><a href="#m11">valedateURL</a></td><td rowspan="1">1644785500047</td><td rowspan="1">1</td></tr><tr class="skippedodd"><td><a href="#m12">validateSignupe</a></td><td rowspan="1">1644785500043</td><td rowspan="1">2</td></tr><tr class="skippedeven"><td rowspan="1">signuptestscript.TestScript</td><td><a href="#m13">maintest</a></td><td rowspan="1">1644785500064</td><td rowspan="1">0</td></tr></tbody></table><h2>Signup testing</h2><h3 id="m0">signuptestscript.Scriptflickr#beforetest</h3><table class="result"><tr><th>Exception</th></tr><tr><td><div class="stacktrace">org.openqa.selenium.SessionNotCreatedException: session not created: This version of ChromeDriver only supports Chrome version 96
Current browser version is 98.0.4758.82 with binary path C:\Program Files\Google\Chrome\Application\chrome.exe
  (Driver info: chromedriver=96.0.4664.45 (76e4c1bb2ab4671b8beba3444e61c0f17584b2fc-refs/branch-heads/4664@{#947}),platform=Windows NT 10.0.22000 x86_64) (WARNING: The server did not provide any stacktrace information)
Command duration or timeout: 1.41 seconds
Build info: version: &apos;2.53.0&apos;, revision: &apos;35ae25b&apos;, time: &apos;2016-03-15 16:57:40&apos;
System info: host: &apos;Shumon&apos;, ip: &apos;10.0.0.167&apos;, os.name: &apos;Windows 10&apos;, os.arch: &apos;amd64&apos;, os.version: &apos;10.0&apos;, java.version: &apos;1.8.0_311&apos;
Driver info: org.openqa.selenium.chrome.ChromeDriver
	at org.openqa.selenium.remote.ErrorHandler.createThrowable(ErrorHandler.java:206)
	at org.openqa.selenium.remote.ErrorHandler.throwIfResponseFailed(ErrorHandler.java:158)
	at org.openqa.selenium.remote.RemoteWebDriver.execute(RemoteWebDriver.java:678)
	at org.openqa.selenium.remote.RemoteWebDriver.startSession(RemoteWebDriver.java:249)
	at org.openqa.selenium.remote.RemoteWebDriver.&lt;init&gt;(RemoteWebDriver.java:131)
	at org.openqa.selenium.remote.RemoteWebDriver.&lt;init&gt;(RemoteWebDriver.java:144)
	at org.openqa.selenium.chrome.ChromeDriver.&lt;init&gt;(ChromeDriver.java:170)
	at org.openqa.selenium.chrome.ChromeDriver.&lt;init&gt;(ChromeDriver.java:159)
	at org.openqa.selenium.chrome.ChromeDriver.&lt;init&gt;(ChromeDriver.java:116)
	at signuptestscript.Scriptflickr.beforetest(Scriptflickr.java:26)
... Removed 26 stack frames</div></td></tr></table><p class="totop"><a href="#summary">back to summary</a></p><h3 id="m1">signuptestscript.Scriptflickr#aftertest</h3><table class="result"></table><p class="totop"><a href="#summary">back to summary</a></p><h3 id="m2">signuptestscript.Scriptflickr#aftertest</h3><table class="result"></table><p class="totop"><a href="#summary">back to summary</a></p><h3 id="m3">signuptestscript.Scriptflickr#aftertest</h3><table class="result"></table><p class="totop"><a href="#summary">back to summary</a></p><h3 id="m4">signuptestscript.Scriptflickr#beforetest</h3><table class="result"></table><p class="totop"><a href="#summary">back to summary</a></p><h3 id="m5">signuptestscript.Scriptflickr#beforetest</h3><table class="result"></table><p class="totop"><a href="#summary">back to summary</a></p><h3 id="m6">signuptestscript.Scriptflickr#maintest</h3><table class="result"></table><p class="totop"><a href="#summary">back to summary</a></p><h3 id="m7">signuptestscript.Scriptflickr#signupisdisplayed</h3><table class="result"></table><p class="totop"><a href="#summary">back to summary</a></p><h3 id="m8">signuptestscript.Scriptflickr#validateTermsURL</h3><table class="result"></table><p class="totop"><a href="#summary">back to summary</a></p><h3 id="m9">signuptestscript.Scriptflickr#validatetitle</h3><table class="result"></table><p class="totop"><a href="#summary">back to summary</a></p><h3 id="m10">signuptestscript.Scriptflickr#validateurl</h3><table class="result"></table><p class="totop"><a href="#summary">back to summary</a></p><h3 id="m11">signuptestscript.Signuptest#valedateURL</h3><table class="result"></table><p class="totop"><a href="#summary">back to summary</a></p><h3 id="m12">signuptestscript.Signuptest#validateSignupe</h3><table class="result"></table><p class="totop"><a href="#summary">back to summary</a></p><h3 id="m13">signuptestscript.TestScript#maintest</h3><table class="result"><tr><th>Exception</th></tr><tr><td><div class="stacktrace">org.testng.TestNGException: 
Parameter &apos;firstname&apos; is required by @Test on method maintest but has not been marked @Optional or defined
in C:\Users\syeds\OneDrive\Desktop\Eclips Files\TestNGScript\src\SignupTest.xml
... Removed 22 stack frames</div></td></tr></table><p class="totop"><a href="#summary">back to summary</a></p></body></html>