<?xml version="1.0" encoding="UTF-8"?>
<testng-results skipped="8" failed="0" total="8" passed="0">
  <reporter-output>
  </reporter-output>
  <suite name="Regression test" duration-ms="4425" started-at="2022-02-13T20:51:35Z" finished-at="2022-02-13T20:51:40Z">
    <groups>
    </groups>
    <test name="Signup testing" duration-ms="4425" started-at="2022-02-13T20:51:35Z" finished-at="2022-02-13T20:51:40Z">
      <class name="signuptestscript.TestScript">
        <test-method status="SKIP" signature="maintest(java.lang.String, java.lang.String, java.lang.String, java.lang.String)[pri:0, instance:signuptestscript.TestScript@482f8f11]" name="maintest" duration-ms="0" started-at="2022-02-13T15:51:40Z" finished-at="2022-02-13T15:51:40Z">
          <exception class="org.testng.TestNGException">
            <message>
              <![CDATA[
Parameter 'firstname' is required by @Test on method maintest but has not been marked @Optional or defined
in C:\Users\syeds\OneDrive\Desktop\Eclips Files\TestNGScript\src\SignupTest.xml]]>
            </message>
            <full-stacktrace>
              <![CDATA[org.testng.TestNGException: 
Parameter 'firstname' is required by @Test on method maintest but has not been marked @Optional or defined
in C:\Users\syeds\OneDrive\Desktop\Eclips Files\TestNGScript\src\SignupTest.xml
	at org.testng.internal.Parameters.createParameters(Parameters.java:154)
	at org.testng.internal.Parameters.createParameters(Parameters.java:361)
	at org.testng.internal.Parameters.handleParameters(Parameters.java:451)
	at org.testng.internal.Invoker.handleParameters(Invoker.java:1270)
	at org.testng.internal.Invoker.createParameters(Invoker.java:985)
	at org.testng.internal.Invoker.invokeTestMethods(Invoker.java:1075)
	at org.testng.internal.TestMethodWorker.invokeTestMethods(TestMethodWorker.java:125)
	at org.testng.internal.TestMethodWorker.run(TestMethodWorker.java:108)
	at org.testng.TestRunner.privateRun(TestRunner.java:774)
	at org.testng.TestRunner.run(TestRunner.java:624)
	at org.testng.SuiteRunner.runTest(SuiteRunner.java:359)
	at org.testng.SuiteRunner.runSequentially(SuiteRunner.java:354)
	at org.testng.SuiteRunner.privateRun(SuiteRunner.java:312)
	at org.testng.SuiteRunner.run(SuiteRunner.java:261)
	at org.testng.SuiteRunnerWorker.runSuite(SuiteRunnerWorker.java:52)
	at org.testng.SuiteRunnerWorker.run(SuiteRunnerWorker.java:86)
	at org.testng.TestNG.runSuitesSequentially(TestNG.java:1215)
	at org.testng.TestNG.runSuitesLocally(TestNG.java:1140)
	at org.testng.TestNG.run(TestNG.java:1048)
	at org.testng.remote.AbstractRemoteTestNG.run(AbstractRemoteTestNG.java:115)
	at org.testng.remote.RemoteTestNG.initAndRun(RemoteTestNG.java:251)
	at org.testng.remote.RemoteTestNG.main(RemoteTestNG.java:77)
]]>
            </full-stacktrace>
          </exception> <!-- org.testng.TestNGException -->
          <reporter-output>
          </reporter-output>
        </test-method> <!-- maintest -->
      </class> <!-- signuptestscript.TestScript -->
      <class name="signuptestscript.Signuptest">
        <test-method status="SKIP" signature="validateSignupe()[pri:1, instance:signuptestscript.Signuptest@675d3402]" name="validateSignupe" duration-ms="2" started-at="2022-02-13T15:51:40Z" finished-at="2022-02-13T15:51:40Z">
          <reporter-output>
          </reporter-output>
        </test-method> <!-- validateSignupe -->
        <test-method status="SKIP" signature="valedateURL()[pri:2, instance:signuptestscript.Signuptest@675d3402]" name="valedateURL" duration-ms="1" started-at="2022-02-13T15:51:40Z" finished-at="2022-02-13T15:51:40Z">
          <reporter-output>
          </reporter-output>
        </test-method> <!-- valedateURL -->
      </class> <!-- signuptestscript.Signuptest -->
      <class name="signuptestscript.Scriptflickr">
        <test-method status="FAIL" signature="beforetest()[pri:0, instance:signuptestscript.Scriptflickr@51565ec2]" name="beforetest" is-config="true" duration-ms="0" started-at="2022-02-13T15:51:35Z" finished-at="2022-02-13T15:51:35Z">
          <exception class="org.openqa.selenium.SessionNotCreatedException">
            <message>
              <![CDATA[session not created: This version of ChromeDriver only supports Chrome version 96
Current browser version is 98.0.4758.82 with binary path C:\Program Files\Google\Chrome\Application\chrome.exe
  (Driver info: chromedriver=96.0.4664.45 (76e4c1bb2ab4671b8beba3444e61c0f17584b2fc-refs/branch-heads/4664@{#947}),platform=Windows NT 10.0.22000 x86_64) (WARNING: The server did not provide any stacktrace information)
Command duration or timeout: 1.41 seconds
Build info: version: '2.53.0', revision: '35ae25b', time: '2016-03-15 16:57:40'
System info: host: 'Shumon', ip: '10.0.0.167', os.name: 'Windows 10', os.arch: 'amd64', os.version: '10.0', java.version: '1.8.0_311'
Driver info: org.openqa.selenium.chrome.ChromeDriver]]>
            </message>
            <full-stacktrace>
              <![CDATA[org.openqa.selenium.SessionNotCreatedException: session not created: This version of ChromeDriver only supports Chrome version 96
Current browser version is 98.0.4758.82 with binary path C:\Program Files\Google\Chrome\Application\chrome.exe
  (Driver info: chromedriver=96.0.4664.45 (76e4c1bb2ab4671b8beba3444e61c0f17584b2fc-refs/branch-heads/4664@{#947}),platform=Windows NT 10.0.22000 x86_64) (WARNING: The server did not provide any stacktrace information)
Command duration or timeout: 1.41 seconds
Build info: version: '2.53.0', revision: '35ae25b', time: '2016-03-15 16:57:40'
System info: host: 'Shumon', ip: '10.0.0.167', os.name: 'Windows 10', os.arch: 'amd64', os.version: '10.0', java.version: '1.8.0_311'
Driver info: org.openqa.selenium.chrome.ChromeDriver
	at sun.reflect.NativeConstructorAccessorImpl.newInstance0(Native Method)
	at sun.reflect.NativeConstructorAccessorImpl.newInstance(Unknown Source)
	at sun.reflect.DelegatingConstructorAccessorImpl.newInstance(Unknown Source)
	at java.lang.reflect.Constructor.newInstance(Unknown Source)
	at org.openqa.selenium.remote.ErrorHandler.createThrowable(ErrorHandler.java:206)
	at org.openqa.selenium.remote.ErrorHandler.throwIfResponseFailed(ErrorHandler.java:158)
	at org.openqa.selenium.remote.RemoteWebDriver.execute(RemoteWebDriver.java:678)
	at org.openqa.selenium.remote.RemoteWebDriver.startSession(RemoteWebDriver.java:249)
	at org.openqa.selenium.remote.RemoteWebDriver.<init>(RemoteWebDriver.java:131)
	at org.openqa.selenium.remote.RemoteWebDriver.<init>(RemoteWebDriver.java:144)
	at org.openqa.selenium.chrome.ChromeDriver.<init>(ChromeDriver.java:170)
	at org.openqa.selenium.chrome.ChromeDriver.<init>(ChromeDriver.java:159)
	at org.openqa.selenium.chrome.ChromeDriver.<init>(ChromeDriver.java:116)
	at signuptestscript.Scriptflickr.beforetest(Scriptflickr.java:26)
	at sun.reflect.NativeMethodAccessorImpl.invoke0(Native Method)
	at sun.reflect.NativeMethodAccessorImpl.invoke(Unknown Source)
	at sun.reflect.DelegatingMethodAccessorImpl.invoke(Unknown Source)
	at java.lang.reflect.Method.invoke(Unknown Source)
	at org.testng.internal.MethodInvocationHelper.invokeMethod(MethodInvocationHelper.java:85)
	at org.testng.internal.Invoker.invokeConfigurationMethod(Invoker.java:510)
	at org.testng.internal.Invoker.invokeConfigurations(Invoker.java:211)
	at org.testng.internal.Invoker.invokeConfigurations(Invoker.java:138)
	at org.testng.TestRunner.beforeRun(TestRunner.java:648)
	at org.testng.TestRunner.run(TestRunner.java:616)
	at org.testng.SuiteRunner.runTest(SuiteRunner.java:359)
	at org.testng.SuiteRunner.runSequentially(SuiteRunner.java:354)
	at org.testng.SuiteRunner.privateRun(SuiteRunner.java:312)
	at org.testng.SuiteRunner.run(SuiteRunner.java:261)
	at org.testng.SuiteRunnerWorker.runSuite(SuiteRunnerWorker.java:52)
	at org.testng.SuiteRunnerWorker.run(SuiteRunnerWorker.java:86)
	at org.testng.TestNG.runSuitesSequentially(TestNG.java:1215)
	at org.testng.TestNG.runSuitesLocally(TestNG.java:1140)
	at org.testng.TestNG.run(TestNG.java:1048)
	at org.testng.remote.AbstractRemoteTestNG.run(AbstractRemoteTestNG.java:115)
	at org.testng.remote.RemoteTestNG.initAndRun(RemoteTestNG.java:251)
	at org.testng.remote.RemoteTestNG.main(RemoteTestNG.java:77)
]]>
            </full-stacktrace>
          </exception> <!-- org.openqa.selenium.SessionNotCreatedException -->
          <reporter-output>
          </reporter-output>
        </test-method> <!-- beforetest -->
        <test-method status="SKIP" signature="beforetest()[pri:0, instance:signuptestscript.Signuptest@675d3402]" name="beforetest" is-config="true" duration-ms="0" started-at="2022-02-13T15:51:40Z" finished-at="2022-02-13T15:51:40Z">
          <reporter-output>
          </reporter-output>
        </test-method> <!-- beforetest -->
        <test-method status="SKIP" signature="beforetest()[pri:0, instance:signuptestscript.TestScript@482f8f11]" name="beforetest" is-config="true" duration-ms="0" started-at="2022-02-13T15:51:40Z" finished-at="2022-02-13T15:51:40Z">
          <reporter-output>
          </reporter-output>
        </test-method> <!-- beforetest -->
        <test-method status="SKIP" signature="maintest()[pri:0, instance:signuptestscript.Scriptflickr@51565ec2]" name="maintest" duration-ms="0" started-at="2022-02-13T15:51:40Z" finished-at="2022-02-13T15:51:40Z">
          <reporter-output>
          </reporter-output>
        </test-method> <!-- maintest -->
        <test-method status="SKIP" signature="signupisdisplayed()[pri:0, instance:signuptestscript.Scriptflickr@51565ec2]" name="signupisdisplayed" duration-ms="1" started-at="2022-02-13T15:51:40Z" finished-at="2022-02-13T15:51:40Z">
          <reporter-output>
          </reporter-output>
        </test-method> <!-- signupisdisplayed -->
        <test-method status="SKIP" signature="validatetitle()[pri:0, instance:signuptestscript.Scriptflickr@51565ec2]" name="validatetitle" duration-ms="1" started-at="2022-02-13T15:51:40Z" finished-at="2022-02-13T15:51:40Z">
          <reporter-output>
          </reporter-output>
        </test-method> <!-- validatetitle -->
        <test-method status="SKIP" signature="validateurl()[pri:0, instance:signuptestscript.Scriptflickr@51565ec2]" name="validateurl" duration-ms="1" started-at="2022-02-13T15:51:40Z" finished-at="2022-02-13T15:51:40Z">
          <reporter-output>
          </reporter-output>
        </test-method> <!-- validateurl -->
        <test-method status="SKIP" signature="validateTermsURL()[pri:1, instance:signuptestscript.Scriptflickr@51565ec2]" name="validateTermsURL" duration-ms="0" started-at="2022-02-13T15:51:40Z" finished-at="2022-02-13T15:51:40Z">
          <reporter-output>
          </reporter-output>
        </test-method> <!-- validateTermsURL -->
        <test-method status="SKIP" signature="aftertest()[pri:0, instance:signuptestscript.Scriptflickr@51565ec2]" name="aftertest" is-config="true" duration-ms="0" started-at="2022-02-13T15:51:40Z" finished-at="2022-02-13T15:51:40Z">
          <reporter-output>
          </reporter-output>
        </test-method> <!-- aftertest -->
        <test-method status="SKIP" signature="aftertest()[pri:0, instance:signuptestscript.Signuptest@675d3402]" name="aftertest" is-config="true" duration-ms="0" started-at="2022-02-13T15:51:40Z" finished-at="2022-02-13T15:51:40Z">
          <reporter-output>
          </reporter-output>
        </test-method> <!-- aftertest -->
        <test-method status="SKIP" signature="aftertest()[pri:0, instance:signuptestscript.TestScript@482f8f11]" name="aftertest" is-config="true" duration-ms="0" started-at="2022-02-13T15:51:40Z" finished-at="2022-02-13T15:51:40Z">
          <reporter-output>
          </reporter-output>
        </test-method> <!-- aftertest -->
      </class> <!-- signuptestscript.Scriptflickr -->
    </test> <!-- Signup testing -->
  </suite> <!-- Regression test -->
</testng-results>
