<?xml version="1.0" encoding="UTF-8"?>
<!-- Generated by org.testng.reporters.JUnitXMLReporter -->
<testsuite hostname="Shumon" name="Signup testing" tests="8" failures="0" timestamp="13 Feb 2022 20:51:40 GMT" time="4.425" errors="0">
  <testcase name="@BeforeTest beforetest" time="0.0" classname="signuptestscript.Scriptflickr">
    <failure type="org.openqa.selenium.SessionNotCreatedException" message="session not created: This version of ChromeDriver only supports Chrome version 96
Current browser version is 98.0.4758.82 with binary path C:\Program Files\Google\Chrome\Application\chrome.exe
  (Driver info: chromedriver=96.0.4664.45 (76e4c1bb2ab4671b8beba3444e61c0f17584b2fc-refs/branch-heads/4664@{#947}),platform=Windows NT 10.0.22000 x86_64) (WARNING: The server did not provide any stacktrace information)
Command duration or timeout: 1.41 seconds
Build info: version: &amp;apos;2.53.0&amp;apos;, revision: &amp;apos;35ae25b&amp;apos;, time: &amp;apos;2016-03-15 16:57:40&amp;apos;
System info: host: &amp;apos;Shumon&amp;apos;, ip: &amp;apos;10.0.0.167&amp;apos;, os.name: &amp;apos;Windows 10&amp;apos;, os.arch: &amp;apos;amd64&amp;apos;, os.version: &amp;apos;10.0&amp;apos;, java.version: &amp;apos;1.8.0_311&amp;apos;
Driver info: org.openqa.selenium.chrome.ChromeDriver">
      <![CDATA[org.openqa.selenium.SessionNotCreatedException: session not created: This version of ChromeDriver only supports Chrome version 96
Current browser version is 98.0.4758.82 with binary path C:\Program Files\Google\Chrome\Application\chrome.exe
  (Driver info: chromedriver=96.0.4664.45 (76e4c1bb2ab4671b8beba3444e61c0f17584b2fc-refs/branch-heads/4664@{#947}),platform=Windows NT 10.0.22000 x86_64) (WARNING: The server did not provide any stacktrace information)
Command duration or timeout: 1.41 seconds
Build info: version: '2.53.0', revision: '35ae25b', time: '2016-03-15 16:57:40'
System info: host: 'Shumon', ip: '10.0.0.167', os.name: 'Windows 10', os.arch: 'amd64', os.version: '10.0', java.version: '1.8.0_311'
Driver info: org.openqa.selenium.chrome.ChromeDriver
	at org.openqa.selenium.remote.ErrorHandler.createThrowable(ErrorHandler.java:206)
	at org.openqa.selenium.remote.ErrorHandler.throwIfResponseFailed(ErrorHandler.java:158)
	at org.openqa.selenium.remote.RemoteWebDriver.execute(RemoteWebDriver.java:678)
	at org.openqa.selenium.remote.RemoteWebDriver.startSession(RemoteWebDriver.java:249)
	at org.openqa.selenium.remote.RemoteWebDriver.<init>(RemoteWebDriver.java:131)
	at org.openqa.selenium.remote.RemoteWebDriver.<init>(RemoteWebDriver.java:144)
	at org.openqa.selenium.chrome.ChromeDriver.<init>(ChromeDriver.java:170)
	at org.openqa.selenium.chrome.ChromeDriver.<init>(ChromeDriver.java:159)
	at org.openqa.selenium.chrome.ChromeDriver.<init>(ChromeDriver.java:116)
	at signuptestscript.Scriptflickr.beforetest(Scriptflickr.java:26)
... Removed 26 stack frames]]>
    </failure>
  </testcase> <!-- @BeforeTest beforetest -->
  <testcase name="@BeforeTest beforetest" time="0.0" classname="signuptestscript.Scriptflickr">
    <skipped/>
  </testcase> <!-- @BeforeTest beforetest -->
  <testcase name="@BeforeTest beforetest" time="0.0" classname="signuptestscript.Scriptflickr">
    <skipped/>
  </testcase> <!-- @BeforeTest beforetest -->
  <testcase name="@AfterTest aftertest" time="0.0" classname="signuptestscript.Scriptflickr">
    <skipped/>
  </testcase> <!-- @AfterTest aftertest -->
  <testcase name="@AfterTest aftertest" time="0.0" classname="signuptestscript.Scriptflickr">
    <skipped/>
  </testcase> <!-- @AfterTest aftertest -->
  <testcase name="@AfterTest aftertest" time="0.0" classname="signuptestscript.Scriptflickr">
    <skipped/>
  </testcase> <!-- @AfterTest aftertest -->
  <testcase name="validateSignupe" time="0.002" classname="signuptestscript.Signuptest">
    <skipped/>
  </testcase> <!-- validateSignupe -->
  <testcase name="valedateURL" time="0.001" classname="signuptestscript.Signuptest">
    <skipped/>
  </testcase> <!-- valedateURL -->
  <testcase name="maintest" time="0.0" classname="signuptestscript.Scriptflickr">
    <skipped/>
  </testcase> <!-- maintest -->
  <testcase name="signupisdisplayed" time="0.001" classname="signuptestscript.Scriptflickr">
    <skipped/>
  </testcase> <!-- signupisdisplayed -->
  <testcase name="validatetitle" time="0.001" classname="signuptestscript.Scriptflickr">
    <skipped/>
  </testcase> <!-- validatetitle -->
  <testcase name="validateurl" time="0.001" classname="signuptestscript.Scriptflickr">
    <skipped/>
  </testcase> <!-- validateurl -->
  <testcase name="validateTermsURL" time="0.0" classname="signuptestscript.Scriptflickr">
    <skipped/>
  </testcase> <!-- validateTermsURL -->
  <testcase name="maintest" time="0.0" classname="signuptestscript.TestScript">
    <skipped/>
  </testcase> <!-- maintest -->
</testsuite> <!-- Signup testing -->
