<?xml version="1.0" encoding="UTF-8"?>
<!-- Generated by org.testng.reporters.JUnitXMLReporter -->
<testsuite hostname="Shumon" name="Default test" tests="9" failures="0" timestamp="15 Jun 2022 19:01:37 GMT" time="0.268" errors="0">
  <testcase name="@BeforeTest validateSignUp" time="0.0" classname="yahooValidateSignUp.ValidateSignUp">
    <failure type="java.lang.IllegalStateException" message="The driver executable does not exist: C:\Users\syeds\OneDrive\Desktop\Selenium File\chromedriver.exe">
      <![CDATA[java.lang.IllegalStateException: The driver executable does not exist: C:\Users\syeds\OneDrive\Desktop\Selenium File\chromedriver.exe
	at com.google.common.base.Preconditions.checkState(Preconditions.java:199)
	at org.openqa.selenium.remote.service.DriverService.checkExecutable(DriverService.java:121)
	at org.openqa.selenium.remote.service.DriverService.findExecutable(DriverService.java:116)
	at org.openqa.selenium.chrome.ChromeDriverService.access$0(ChromeDriverService.java:1)
	at org.openqa.selenium.chrome.ChromeDriverService$Builder.findDefaultExecutable(ChromeDriverService.java:137)
	at org.openqa.selenium.remote.service.DriverService$Builder.build(DriverService.java:296)
	at org.openqa.selenium.chrome.ChromeDriverService.createDefaultService(ChromeDriverService.java:88)
	at org.openqa.selenium.chrome.ChromeDriver.<init>(ChromeDriver.java:116)
	at yahooValidateSignUp.ValidateSignUp.validateSignUp(ValidateSignUp.java:30)
	at sun.reflect.NativeMethodAccessorImpl.invoke0(Native Method)
	at sun.reflect.NativeMethodAccessorImpl.invoke(Unknown Source)
	at sun.reflect.DelegatingMethodAccessorImpl.invoke(Unknown Source)
	at java.lang.reflect.Method.invoke(Unknown Source)
	at org.testng.internal.MethodInvocationHelper.invokeMethod(MethodInvocationHelper.java:85)
	at org.testng.internal.Invoker.invokeConfigurationMethod(Invoker.java:510)
	at org.testng.internal.Invoker.invokeConfigurations(Invoker.java:211)
	at org.testng.internal.Invoker.invokeConfigurations(Invoker.java:138)
	at org.testng.TestRunner.beforeRun(TestRunner.java:648)
	at org.testng.TestRunner.run(TestRunner.java:616)
	at org.testng.SuiteRunner.runTest(SuiteRunner.java:359)
	at org.testng.SuiteRunner.runSequentially(SuiteRunner.java:354)
	at org.testng.SuiteRunner.privateRun(SuiteRunner.java:312)
	at org.testng.SuiteRunner.run(SuiteRunner.java:261)
	at org.testng.SuiteRunnerWorker.runSuite(SuiteRunnerWorker.java:52)
	at org.testng.SuiteRunnerWorker.run(SuiteRunnerWorker.java:86)
	at org.testng.TestNG.runSuitesSequentially(TestNG.java:1215)
	at org.testng.TestNG.runSuitesLocally(TestNG.java:1140)
	at org.testng.TestNG.run(TestNG.java:1048)
	at org.testng.remote.AbstractRemoteTestNG.run(AbstractRemoteTestNG.java:115)
	at org.testng.remote.RemoteTestNG.initAndRun(RemoteTestNG.java:251)
	at org.testng.remote.RemoteTestNG.main(RemoteTestNG.java:77)
]]>
    </failure>
  </testcase> <!-- @BeforeTest validateSignUp -->
  <testcase name="@AfterTest validateAfterTest" time="0.0" classname="yahooValidateSignUp.ValidateSignUp">
    <skipped/>
  </testcase> <!-- @AfterTest validateAfterTest -->
  <testcase name="validateDate" time="0.002" classname="yahooValidateSignUp.ValidateSignUp">
    <skipped/>
  </testcase> <!-- validateDate -->
  <testcase name="validateEmailAddress" time="0.002" classname="yahooValidateSignUp.ValidateSignUp">
    <skipped/>
  </testcase> <!-- validateEmailAddress -->
  <testcase name="validateFirstName" time="0.001" classname="yahooValidateSignUp.ValidateSignUp">
    <skipped/>
  </testcase> <!-- validateFirstName -->
  <testcase name="validateLastName" time="0.002" classname="yahooValidateSignUp.ValidateSignUp">
    <skipped/>
  </testcase> <!-- validateLastName -->
  <testcase name="validateMobileNumber" time="0.001" classname="yahooValidateSignUp.ValidateSignUp">
    <skipped/>
  </testcase> <!-- validateMobileNumber -->
  <testcase name="validateMonth" time="0.001" classname="yahooValidateSignUp.ValidateSignUp">
    <skipped/>
  </testcase> <!-- validateMonth -->
  <testcase name="validatePassWard" time="0.002" classname="yahooValidateSignUp.ValidateSignUp">
    <skipped/>
  </testcase> <!-- validatePassWard -->
  <testcase name="validateYahoo" time="0.002" classname="yahooValidateSignUp.ValidateSignUp">
    <skipped/>
  </testcase> <!-- validateYahoo -->
  <testcase name="validateYear" time="0.001" classname="yahooValidateSignUp.ValidateSignUp">
    <skipped/>
  </testcase> <!-- validateYear -->
</testsuite> <!-- Default test -->
